09:25:21 **** Build of configuration Default for project arm.boot ****
make all 
kprintf.c: Assembler messages:
arm-none-eabi-as -mcpu=arm926ej-s -g  kprintf.c -o kprintf.o
kprintf.c:42: Error: bad instruction `typedef unsigned long long uintmax_t'
Makefile:30: recipe for target 'kprintf.o' failed
kprintf.c:43: Error: bad instruction `typedef long long intmax_t'
kprintf.c:45: Error: bad instruction `typedef unsigned int uintmax_t'
kprintf.c:46: Error: bad instruction `typedef int intmax_t'
kprintf.c:48: Error: bad instruction `typedef unsigned char u_char'
kprintf.c:49: Error: bad instruction `typedef unsigned int u_int'
kprintf.c:50: Error: bad instruction `typedef unsigned long u_long'
kprintf.c:51: Error: bad instruction `typedef unsigned short u_short'
kprintf.c:52: Error: bad instruction `typedef unsigned long long u_quad_t'
kprintf.c:53: Error: bad instruction `typedef long long quad_t'
kprintf.c:54: Error: bad instruction `typedef unsigned long uintptr_t'
kprintf.c:55: Error: bad instruction `typedef long ptrdiff_t'
kprintf.c:56: Error: bad instruction `typedef unsigned int size_t'
kprintf.c:57: Error: bad instruction `typedef int ssize_t'
kprintf.c:61: Error: bad instruction `char const hex2ascii_data[]="0123456789abcdefghijklmnopqrstuvwxyz"'
kprintf.c:69: Error: bad instruction `static size_t'
kprintf.c:70: Error: bad instruction `strlen(const char*s){'
kprintf.c:71: Error: bad instruction `size_t l=0'
kprintf.c:72: Error: bad instruction `while (*s++)'
kprintf.c:73: Error: bad instruction `l++'
kprintf.c:74: Error: bad instruction `return l'
kprintf.c:75: Error: junk at end of line, first unrecognized character is `}'
kprintf.c:86: Error: bad instruction `static char*'
kprintf.c:87: Error: bad instruction `ksprintn(char *nbuf,uintmax_t num,int base,int*lenp,int upper){'
kprintf.c:88: Error: bad instruction `char *p,c'
kprintf.c:91: Error: junk at end of line, first unrecognized character is `*'
kprintf.c:92: Error: bad instruction `do {'
kprintf.c:93: Error: junk at end of line, first unrecognized character is `('
kprintf.c:94: Error: junk at end of line, first unrecognized character is `*'
kprintf.c:95: Error: junk at end of line, first unrecognized character is `}'
kprintf.c:96: Error: bad instruction `if (lenp)'
kprintf.c:97: Error: junk at end of line, first unrecognized character is `*'
kprintf.c:98: Error: bad instruction `return (p)'
kprintf.c:99: Error: junk at end of line, first unrecognized character is `}'
kprintf.c:127: Error: bad instruction `int'
kprintf.c:128: Error: bad instruction `kvprintf(char const*fmt,void(*func)(int,void*),void*arg,int radix,va_list ap){'
kprintf.c:132: Error: bad instruction `char nbuf[MAXNBUF]'
kprintf.c:133: Error: bad instruction `char *d'
kprintf.c:134: Error: bad instruction `const char*p,*percent,*q'
kprintf.c:135: Error: bad instruction `u_char *up'
kprintf.c:136: Error: bad instruction `int ch,n'
kprintf.c:137: Error: bad instruction `uintmax_t num'
kprintf.c:138: Error: bad instruction `int base,lflag,qflag,tmp,width,ladjust,sharpflag,neg,sign,dot'
kprintf.c:139: Error: bad instruction `int cflag,hflag,jflag,tflag,zflag'
kprintf.c:140: Error: bad instruction `int dwidth,upper'
kprintf.c:141: Error: bad instruction `char padc'
kprintf.c:142: Error: bad instruction `int stop=0,retval=0'
kprintf.c:145: Error: bad instruction `if (!func)'
kprintf.c:146: Error: bad expression
kprintf.c:146: Error: found 'a', expected: ')'
kprintf.c:146: Error: junk at end of line, first unrecognized character is `a'
kprintf.c:147: Error: bad instruction `else'
kprintf.c:150: Error: bad instruction `if (fmt==NULL)'
kprintf.c:153: Error: bad instruction `if (radix<2||radix>36)'
kprintf.c:156: Error: bad instruction `for ('
kprintf.c:156: Error: junk at end of line, first unrecognized character is `)'
kprintf.c:159: Error: bad instruction `while ((ch=(u_char)*fmt++)!=37||stop){'
kprintf.c:160: Error: bad instruction `if (ch==48)'
kprintf.c:161: Error: bad instruction `return (retval)'
kprintf.c:162: Error: bad instruction `pchar(ch)'
kprintf.c:163: Error: junk at end of line, first unrecognized character is `}'
kprintf.c:165: Warning: [-mwarn-syms]: Assignment makes a symbol match an ARM instruction: neg
kprintf.c:168: Error: bad instruction `switch (ch=(u_char)*fmt++){'
kprintf.c:169: Error: bad instruction `case 46:'
kprintf.c:171: Error: bad instruction `goto reswitch'
kprintf.c:172: Error: bad instruction `case 35:'
kprintf.c:174: Error: bad instruction `goto reswitch'
kprintf.c:175: Error: bad instruction `case 43:'
kprintf.c:177: Error: bad instruction `goto reswitch'
kprintf.c:178: Error: bad instruction `case 45:'
kprintf.c:180: Error: bad instruction `goto reswitch'
kprintf.c:181: Error: bad instruction `case 37:'
kprintf.c:182: Error: bad instruction `pchar(ch)'
kprintf.c:183: Error: bad instruction `break'
kprintf.c:184: Error: bad instruction `case 42:'
kprintf.c:185: Error: bad instruction `if (!dot){'
kprintf.c:186: Error: junk at end of line, first unrecognized character is `('
kprintf.c:187: Error: bad instruction `if (width<0){'
kprintf.c:190: Error: junk at end of line, first unrecognized character is `}'
kprintf.c:191: Error: junk at end of line, first unrecognized character is `}'
kprintf.c:192: Error: junk at end of line, first unrecognized character is `('
kprintf.c:193: Error: junk at end of line, first unrecognized character is `}'
kprintf.c:194: Error: bad instruction `goto reswitch'
kprintf.c:195: Error: bad instruction `case 48:'
kprintf.c:196: Error: bad instruction `if (!dot){'
kprintf.c:198: Error: bad instruction `goto reswitch'
kprintf.c:199: Error: junk at end of line, first unrecognized character is `}'
kprintf.c:200: Error: bad instruction `case 49:case 50:case 51:case 52:'
kprintf.c:201: Error: bad instruction `case 53:case 54:case 55:case 56:case 57:'
kprintf.c:202: Error: bad instruction `for (n=0'
kprintf.c:202: Error: junk at end of line, first unrecognized character is `+'
kprintf.c:204: Error: bad expression
kprintf.c:204: Error: junk at end of line, first unrecognized character is `f'
kprintf.c:205: Error: bad instruction `if (ch<48||ch>57)'
kprintf.c:206: Error: bad instruction `break'
kprintf.c:207: Error: junk at end of line, first unrecognized character is `}'
kprintf.c:208: Error: bad instruction `if (dot)'
kprintf.c:210: Error: bad instruction `else'
kprintf.c:212: Error: bad instruction `goto reswitch'
kprintf.c:213: Error: bad instruction `case 98:'
kprintf.c:214: Error: junk at end of line, first unrecognized character is `v'
kprintf.c:215: Error: junk at end of line, first unrecognized character is `('
kprintf.c:216: Error: bad instruction `for (q=ksprintn(nbuf,num,*p++,NULL,0)'
kprintf.c:216: Error: junk at end of line, first unrecognized character is `*'
kprintf.c:216: Error: junk at end of line, first unrecognized character is `)'
kprintf.c:217: Error: bad instruction `pchar(*q--)'
kprintf.c:219: Error: bad instruction `if (num==0)'
kprintf.c:220: Error: bad instruction `break'
kprintf.c:222: Error: bad instruction `for (tmp=0'
kprintf.c:222: Error: junk at end of line, first unrecognized character is `*'
kprintf.c:222: Error: junk at end of line, first unrecognized character is `)'
kprintf.c:223: Error: bad expression
kprintf.c:223: Error: junk at end of line, first unrecognized character is `p'
kprintf.c:224: Error: bad instruction `if (num&(1<<(n-1))){'
kprintf.c:225: Error: bad instruction `pchar(tmp ?44:60)'
kprintf.c:226: Error: bad instruction `for ('
kprintf.c:226: Error: junk at end of line, first unrecognized character is `('
kprintf.c:226: Error: junk at end of line, first unrecognized character is `+'
kprintf.c:227: Error: bad instruction `pchar(n)'
kprintf.c:229: Error: junk at end of line, first unrecognized character is `}'
kprintf.c:230: Error: bad instruction `for ('
kprintf.c:230: Error: junk at end of line, first unrecognized character is `*'
kprintf.c:230: Error: junk at end of line, first unrecognized character is `+'
kprintf.c:231: Error: bad instruction `continue'
kprintf.c:232: Error: junk at end of line, first unrecognized character is `}'
kprintf.c:233: Error: bad instruction `if (tmp)'
kprintf.c:234: Error: bad instruction `pchar(62)'
kprintf.c:235: Error: bad instruction `break'
kprintf.c:236: Error: bad instruction `case 99:'
kprintf.c:237: Error: bad instruction `pchar(va_arg(ap, int))'
kprintf.c:238: Error: bad instruction `break'
kprintf.c:239: Error: bad instruction `case 68:'
kprintf.c:240: Error: junk at end of line, first unrecognized character is `('
kprintf.c:241: Error: junk at end of line, first unrecognized character is `('
kprintf.c:242: Error: bad instruction `if (!width)'
kprintf.c:244: Error: bad instruction `while(width--) {'
kprintf.c:245: Error: bad instruction `pchar(hex2ascii(*up >>4))'
kprintf.c:246: Error: bad instruction `pchar(hex2ascii(*up &0x0f))'
kprintf.c:247: Error: bad instruction `up++'
kprintf.c:248: Error: bad instruction `if (width)'
kprintf.c:249: Error: bad instruction `for (q=p'
kprintf.c:249: Error: junk at end of line, first unrecognized character is `*'
kprintf.c:249: Error: bad instruction `q++)'
kprintf.c:250: Error: bad instruction `pchar(*q)'
kprintf.c:251: Error: junk at end of line, first unrecognized character is `}'
kprintf.c:252: Error: bad instruction `break'
kprintf.c:253: Error: bad instruction `case 100:'
kprintf.c:254: Error: bad instruction `case 105:'
kprintf.c:257: Error: bad instruction `goto handle_sign'
kprintf.c:258: Error: bad instruction `case 104:'
kprintf.c:259: Error: bad instruction `if (hflag){'
kprintf.c:262: Error: junk at end of line, first unrecognized character is `}'
kprintf.c:264: Error: bad instruction `goto reswitch'
kprintf.c:265: Error: bad instruction `case 106:'
kprintf.c:267: Error: bad instruction `goto reswitch'
kprintf.c:268: Error: bad instruction `case 108:'
kprintf.c:269: Error: bad instruction `if (lflag){'
kprintf.c:272: Error: junk at end of line, first unrecognized character is `}'
kprintf.c:274: Error: bad instruction `goto reswitch'
kprintf.c:275: Error: bad instruction `case 110:'
kprintf.c:276: Error: bad instruction `if (jflag)'
kprintf.c:277: Error: junk at end of line, first unrecognized character is `*'
kprintf.c:278: Error: bad instruction `else if(qflag)'
kprintf.c:279: Error: junk at end of line, first unrecognized character is `*'
kprintf.c:280: Error: bad instruction `else if(lflag)'
kprintf.c:281: Error: junk at end of line, first unrecognized character is `*'
kprintf.c:282: Error: bad instruction `else if(zflag)'
kprintf.c:283: Error: junk at end of line, first unrecognized character is `*'
kprintf.c:284: Error: bad instruction `else if(hflag)'
kprintf.c:285: Error: junk at end of line, first unrecognized character is `*'
kprintf.c:286: Error: bad instruction `else if(cflag)'
kprintf.c:287: Error: junk at end of line, first unrecognized character is `*'
kprintf.c:288: Error: bad instruction `else'
kprintf.c:289: Error: junk at end of line, first unrecognized character is `*'
kprintf.c:290: Error: bad instruction `break'
kprintf.c:291: Error: bad instruction `case 111:'
kprintf.c:293: Error: bad instruction `goto handle_nosign'
kprintf.c:294: Error: bad instruction `case 112:'
kprintf.c:298: Error: junk at end of line, first unrecognized character is `v'
kprintf.c:299: Error: bad instruction `goto number'
kprintf.c:300: Error: bad instruction `case 113:'
kprintf.c:302: Error: bad instruction `goto reswitch'
kprintf.c:303: Error: bad instruction `case 114:'
kprintf.c:305: Error: bad instruction `if (sign)'
kprintf.c:306: Error: bad instruction `goto handle_sign'
kprintf.c:307: Error: bad instruction `goto handle_nosign'
kprintf.c:308: Error: bad instruction `case 115:'
kprintf.c:309: Error: junk at end of line, first unrecognized character is `('
kprintf.c:310: Error: bad instruction `if (p==NULL)'
kprintf.c:312: Error: bad instruction `if (!dot)'
kprintf.c:313: Error: junk at end of line, first unrecognized character is `('
kprintf.c:314: Error: bad instruction `else'
kprintf.c:315: Error: bad instruction `for (n=0'
kprintf.c:315: Error: bad instruction `n <dwidth&&p[n]'
kprintf.c:315: Error: bad instruction `n++)'
kprintf.c:316: Error: bad instruction `continue'
kprintf.c:318: Error: bad instruction `width -=n'
kprintf.c:320: Error: bad instruction `if (!ladjust&&width>0)'
kprintf.c:321: Error: bad instruction `while (width--)'
kprintf.c:322: Error: bad instruction `pchar(padc)'
kprintf.c:323: Error: bad instruction `while (n--)'
kprintf.c:324: Error: bad instruction `pchar(*p++)'
kprintf.c:325: Error: bad instruction `if (ladjust&&width>0)'
kprintf.c:326: Error: bad instruction `while (width--)'
kprintf.c:327: Error: bad instruction `pchar(padc)'
kprintf.c:328: Error: bad instruction `break'
kprintf.c:329: Error: bad instruction `case 116:'
kprintf.c:331: Error: bad instruction `goto reswitch'
kprintf.c:332: Error: bad instruction `case 117:'
kprintf.c:334: Error: bad instruction `goto handle_nosign'
kprintf.c:335: Error: bad instruction `case 88:'
kprintf.c:337: Error: bad instruction `case 120:'
kprintf.c:339: Error: bad instruction `goto handle_nosign'
kprintf.c:340: Error: bad instruction `case 121:'
kprintf.c:343: Error: bad instruction `goto handle_sign'
kprintf.c:344: Error: bad instruction `case 122:'
kprintf.c:346: Error: bad instruction `goto reswitch'
kprintf.c:349: Error: bad instruction `if (jflag)'
kprintf.c:350: Error: junk at end of line, first unrecognized character is `('
kprintf.c:351: Error: bad instruction `else if(qflag)'
kprintf.c:352: Error: junk at end of line, first unrecognized character is `('
kprintf.c:353: Error: bad instruction `else if(tflag)'
kprintf.c:354: Error: junk at end of line, first unrecognized character is `('
kprintf.c:355: Error: bad instruction `else if(lflag)'
kprintf.c:356: Error: junk at end of line, first unrecognized character is `('
kprintf.c:357: Error: bad instruction `else if(zflag)'
kprintf.c:358: Error: junk at end of line, first unrecognized character is `('
kprintf.c:359: Error: bad instruction `else if(hflag)'
kprintf.c:360: Error: junk at end of line, first unrecognized character is `v'
kprintf.c:361: Error: bad instruction `else if(cflag)'
kprintf.c:362: Error: junk at end of line, first unrecognized character is `v'
kprintf.c:363: Error: bad instruction `else'
kprintf.c:364: Error: junk at end of line, first unrecognized character is `('
kprintf.c:365: Error: bad instruction `goto number'
kprintf.c:367: Error: bad instruction `if (jflag)'
kprintf.c:368: Error: junk at end of line, first unrecognized character is `('
kprintf.c:369: Error: bad instruction `else if(qflag)'
kprintf.c:370: Error: junk at end of line, first unrecognized character is `('
kprintf.c:371: Error: bad instruction `else if(tflag)'
kprintf.c:372: Error: junk at end of line, first unrecognized character is `('
kprintf.c:373: Error: bad instruction `else if(lflag)'
kprintf.c:374: Error: junk at end of line, first unrecognized character is `('
kprintf.c:375: Error: bad instruction `else if(zflag)'
kprintf.c:376: Error: junk at end of line, first unrecognized character is `('
kprintf.c:377: Error: bad instruction `else if(hflag)'
kprintf.c:378: Error: junk at end of line, first unrecognized character is `v'
kprintf.c:379: Error: bad instruction `else if(cflag)'
kprintf.c:380: Error: junk at end of line, first unrecognized character is `v'
kprintf.c:381: Error: bad instruction `else'
kprintf.c:382: Error: junk at end of line, first unrecognized character is `('
kprintf.c:384: Error: bad instruction `if (sign&&(intmax_t)num<0){'
kprintf.c:386: Error: junk at end of line, first unrecognized character is `n'
kprintf.c:387: Error: junk at end of line, first unrecognized character is `}'
kprintf.c:388: Error: junk at end of line, first unrecognized character is `('
kprintf.c:389: Error: bad instruction `if (sharpflag&&num!=0){'
kprintf.c:390: Error: bad instruction `if (base==8)'
kprintf.c:391: Error: bad instruction `tmp++'
kprintf.c:392: Error: bad instruction `else if(base==16)'
kprintf.c:393: Error: bad instruction `tmp +=2'
kprintf.c:394: Error: junk at end of line, first unrecognized character is `}'
kprintf.c:395: Error: bad instruction `if (neg)'
kprintf.c:396: Error: bad instruction `tmp++'
kprintf.c:398: Error: bad instruction `if (!ladjust&&padc!=48&&width'
kprintf.c:399: Error: junk at end of line, first unrecognized character is `&'
kprintf.c:400: Error: bad instruction `while (width--)'
kprintf.c:401: Error: bad instruction `pchar(padc)'
kprintf.c:402: Error: bad instruction `if (neg)'
kprintf.c:403: Error: bad instruction `pchar(45)'
kprintf.c:404: Error: bad instruction `if (sharpflag&&num!=0){'
kprintf.c:405: Error: bad instruction `if (base==8){'
kprintf.c:406: Error: bad instruction `pchar(48)'
kprintf.c:407: Error: junk at end of line, first unrecognized character is `}'
kprintf.c:408: Error: bad instruction `pchar(48)'
kprintf.c:409: Error: bad instruction `pchar(120)'
kprintf.c:410: Error: junk at end of line, first unrecognized character is `}'
kprintf.c:411: Error: junk at end of line, first unrecognized character is `}'
kprintf.c:412: Error: bad instruction `if (!ladjust&&width&&(width-=tmp)>0)'
kprintf.c:413: Error: bad instruction `while (width--)'
kprintf.c:414: Error: bad instruction `pchar(padc)'
kprintf.c:416: Error: bad instruction `while (*p)'
kprintf.c:417: Error: bad instruction `pchar(*p--)'
kprintf.c:419: Error: bad instruction `if (ladjust&&width&&(width-=tmp)>0)'
kprintf.c:420: Error: bad instruction `while (width--)'
kprintf.c:421: Error: bad instruction `pchar(padc)'
kprintf.c:423: Error: bad instruction `break'
kprintf.c:425: Error: bad instruction `while (percent<fmt)'
kprintf.c:426: Error: bad instruction `pchar(*percent++)'
kprintf.c:434: Error: bad instruction `break'
kprintf.c:435: Error: junk at end of line, first unrecognized character is `}'
kprintf.c:436: Error: junk at end of line, first unrecognized character is `}'
kprintf.c:438: Error: junk at end of line, first unrecognized character is `}'
kprintf.c:440: Error: bad instruction `extern void kputchar(int c,void*arg)'
kprintf.c:442: Error: bad instruction `void'
kprintf.c:443: Error: bad instruction `kprintf(const char*fmt,...){'
kprintf.c:445: Error: bad instruction `va_list ap'
kprintf.c:446: Error: bad instruction `va_start(ap, fmt)'
kprintf.c:447: Error: bad instruction `kvprintf(fmt, kputchar,NULL,10,ap)'
kprintf.c:448: Error: bad instruction `va_end(ap)'
kprintf.c:449: Error: junk at end of line, first unrecognized character is `}'
kprintf.c: Error: invalid operand (*UND* section) for `-' when setting `num'
make: *** [kprintf.o] Error 1
"make all" terminated with exit code 2. Build might be incomplete.
09:26:19 **** Incremental Build of configuration Default for project arm.boot ****
make all 
arm-none-eabi-as -mcpu=arm926ej-s -g  kprintf.c -o kprintf.o
kprintf.c: Assembler messages:
kprintf.c:43: Error: bad instruction `typedef unsigned long long uintmax_t'
kprintf.c:44: Error: bad instruction `typedef long long intmax_t'
kprintf.c:46: Error: bad instruction `typedef unsigned int uintmax_t'
kprintf.c:47: Error: bad instruction `typedef int intmax_t'
kprintf.c:49: Error: bad instruction `typedef unsigned char u_char'
kprintf.c:50: Error: bad instruction `typedef unsigned int u_int'
kprintf.c:51: Error: bad instruction `typedef unsigned long u_long'
kprintf.c:52: Error: bad instruction `typedef unsigned short u_short'
kprintf.c:53: Error: bad instruction `typedef unsigned long long u_quad_t'
kprintf.c:54: Error: bad instruction `typedef long long quad_t'
kprintf.c:55: Error: bad instruction `typedef unsigned long uintptr_t'
kprintf.c:56: Error: bad instruction `typedef long ptrdiff_t'
kprintf.c:57: Error: bad instruction `typedef unsigned int size_t'
kprintf.c:58: Error: bad instruction `typedef int ssize_t'
kprintf.c:62: Error: bad instruction `char const hex2ascii_data[]="0123456789abcdefghijklmnopqrstuvwxyz"'
kprintf.c:70: Error: bad instruction `static size_t'
Makefile:30: recipe for target 'kprintf.o' failed
kprintf.c:71: Error: bad instruction `strlen(const char*s){'
kprintf.c:72: Error: bad instruction `size_t l=0'
kprintf.c:73: Error: bad instruction `while (*s++)'
kprintf.c:74: Error: bad instruction `l++'
kprintf.c:75: Error: bad instruction `return l'
kprintf.c:76: Error: junk at end of line, first unrecognized character is `}'
kprintf.c:87: Error: bad instruction `static char*'
kprintf.c:88: Error: bad instruction `ksprintn(char *nbuf,uintmax_t num,int base,int*lenp,int upper){'
kprintf.c:89: Error: bad instruction `char *p,c'
kprintf.c:92: Error: junk at end of line, first unrecognized character is `*'
kprintf.c:93: Error: bad instruction `do {'
kprintf.c:94: Error: junk at end of line, first unrecognized character is `('
kprintf.c:95: Error: junk at end of line, first unrecognized character is `*'
kprintf.c:96: Error: junk at end of line, first unrecognized character is `}'
kprintf.c:97: Error: bad instruction `if (lenp)'
kprintf.c:98: Error: junk at end of line, first unrecognized character is `*'
kprintf.c:99: Error: bad instruction `return (p)'
kprintf.c:100: Error: junk at end of line, first unrecognized character is `}'
kprintf.c:128: Error: bad instruction `int'
kprintf.c:129: Error: bad instruction `kvprintf(char const*fmt,void(*func)(int,void*),void*arg,int radix,va_list ap){'
kprintf.c:133: Error: bad instruction `char nbuf[MAXNBUF]'
kprintf.c:134: Error: bad instruction `char *d'
kprintf.c:135: Error: bad instruction `const char*p,*percent,*q'
kprintf.c:136: Error: bad instruction `u_char *up'
kprintf.c:137: Error: bad instruction `int ch,n'
kprintf.c:138: Error: bad instruction `uintmax_t num'
kprintf.c:139: Error: bad instruction `int base,lflag,qflag,tmp,width,ladjust,sharpflag,neg,sign,dot'
kprintf.c:140: Error: bad instruction `int cflag,hflag,jflag,tflag,zflag'
kprintf.c:141: Error: bad instruction `int dwidth,upper'
kprintf.c:142: Error: bad instruction `char padc'
kprintf.c:143: Error: bad instruction `int stop=0,retval=0'
kprintf.c:146: Error: bad instruction `if (!func)'
kprintf.c:147: Error: bad expression
kprintf.c:147: Error: found 'a', expected: ')'
kprintf.c:147: Error: junk at end of line, first unrecognized character is `a'
kprintf.c:148: Error: bad instruction `else'
kprintf.c:151: Error: bad instruction `if (fmt==NULL)'
kprintf.c:154: Error: bad instruction `if (radix<2||radix>36)'
kprintf.c:157: Error: bad instruction `for ('
kprintf.c:157: Error: junk at end of line, first unrecognized character is `)'
kprintf.c:160: Error: bad instruction `while ((ch=(u_char)*fmt++)!=37||stop){'
kprintf.c:161: Error: bad instruction `if (ch==48)'
kprintf.c:162: Error: bad instruction `return (retval)'
kprintf.c:163: Error: bad instruction `pchar(ch)'
kprintf.c:164: Error: junk at end of line, first unrecognized character is `}'
kprintf.c:166: Warning: [-mwarn-syms]: Assignment makes a symbol match an ARM instruction: neg
kprintf.c:169: Error: bad instruction `switch (ch=(u_char)*fmt++){'
kprintf.c:170: Error: bad instruction `case 46:'
kprintf.c:172: Error: bad instruction `goto reswitch'
kprintf.c:173: Error: bad instruction `case 35:'
kprintf.c:175: Error: bad instruction `goto reswitch'
kprintf.c:176: Error: bad instruction `case 43:'
kprintf.c:178: Error: bad instruction `goto reswitch'
kprintf.c:179: Error: bad instruction `case 45:'
kprintf.c:181: Error: bad instruction `goto reswitch'
kprintf.c:182: Error: bad instruction `case 37:'
kprintf.c:183: Error: bad instruction `pchar(ch)'
kprintf.c:184: Error: bad instruction `break'
kprintf.c:185: Error: bad instruction `case 42:'
kprintf.c:186: Error: bad instruction `if (!dot){'
kprintf.c:187: Error: junk at end of line, first unrecognized character is `('
kprintf.c:188: Error: bad instruction `if (width<0){'
kprintf.c:191: Error: junk at end of line, first unrecognized character is `}'
kprintf.c:192: Error: junk at end of line, first unrecognized character is `}'
kprintf.c:193: Error: junk at end of line, first unrecognized character is `('
kprintf.c:194: Error: junk at end of line, first unrecognized character is `}'
kprintf.c:195: Error: bad instruction `goto reswitch'
kprintf.c:196: Error: bad instruction `case 48:'
kprintf.c:197: Error: bad instruction `if (!dot){'
kprintf.c:199: Error: bad instruction `goto reswitch'
kprintf.c:200: Error: junk at end of line, first unrecognized character is `}'
kprintf.c:201: Error: bad instruction `case 49:case 50:case 51:case 52:'
kprintf.c:202: Error: bad instruction `case 53:case 54:case 55:case 56:case 57:'
kprintf.c:203: Error: bad instruction `for (n=0'
kprintf.c:203: Error: junk at end of line, first unrecognized character is `+'
kprintf.c:205: Error: bad expression
kprintf.c:205: Error: junk at end of line, first unrecognized character is `f'
kprintf.c:206: Error: bad instruction `if (ch<48||ch>57)'
kprintf.c:207: Error: bad instruction `break'
kprintf.c:208: Error: junk at end of line, first unrecognized character is `}'
kprintf.c:209: Error: bad instruction `if (dot)'
kprintf.c:211: Error: bad instruction `else'
kprintf.c:213: Error: bad instruction `goto reswitch'
kprintf.c:214: Error: bad instruction `case 98:'
kprintf.c:215: Error: junk at end of line, first unrecognized character is `v'
kprintf.c:216: Error: junk at end of line, first unrecognized character is `('
kprintf.c:217: Error: bad instruction `for (q=ksprintn(nbuf,num,*p++,NULL,0)'
kprintf.c:217: Error: junk at end of line, first unrecognized character is `*'
kprintf.c:217: Error: junk at end of line, first unrecognized character is `)'
kprintf.c:218: Error: bad instruction `pchar(*q--)'
kprintf.c:220: Error: bad instruction `if (num==0)'
kprintf.c:221: Error: bad instruction `break'
kprintf.c:223: Error: bad instruction `for (tmp=0'
kprintf.c:223: Error: junk at end of line, first unrecognized character is `*'
kprintf.c:223: Error: junk at end of line, first unrecognized character is `)'
kprintf.c:224: Error: bad expression
kprintf.c:224: Error: junk at end of line, first unrecognized character is `p'
kprintf.c:225: Error: bad instruction `if (num&(1<<(n-1))){'
kprintf.c:226: Error: bad instruction `pchar(tmp ?44:60)'
kprintf.c:227: Error: bad instruction `for ('
kprintf.c:227: Error: junk at end of line, first unrecognized character is `('
kprintf.c:227: Error: junk at end of line, first unrecognized character is `+'
kprintf.c:228: Error: bad instruction `pchar(n)'
kprintf.c:230: Error: junk at end of line, first unrecognized character is `}'
kprintf.c:231: Error: bad instruction `for ('
kprintf.c:231: Error: junk at end of line, first unrecognized character is `*'
kprintf.c:231: Error: junk at end of line, first unrecognized character is `+'
kprintf.c:232: Error: bad instruction `continue'
kprintf.c:233: Error: junk at end of line, first unrecognized character is `}'
kprintf.c:234: Error: bad instruction `if (tmp)'
kprintf.c:235: Error: bad instruction `pchar(62)'
kprintf.c:236: Error: bad instruction `break'
kprintf.c:237: Error: bad instruction `case 99:'
kprintf.c:238: Error: bad instruction `pchar(va_arg(ap, int))'
kprintf.c:239: Error: bad instruction `break'
kprintf.c:240: Error: bad instruction `case 68:'
kprintf.c:241: Error: junk at end of line, first unrecognized character is `('
kprintf.c:242: Error: junk at end of line, first unrecognized character is `('
kprintf.c:243: Error: bad instruction `if (!width)'
kprintf.c:245: Error: bad instruction `while(width--) {'
kprintf.c:246: Error: bad instruction `pchar(hex2ascii(*up >>4))'
kprintf.c:247: Error: bad instruction `pchar(hex2ascii(*up &0x0f))'
kprintf.c:248: Error: bad instruction `up++'
kprintf.c:249: Error: bad instruction `if (width)'
kprintf.c:250: Error: bad instruction `for (q=p'
kprintf.c:250: Error: junk at end of line, first unrecognized character is `*'
kprintf.c:250: Error: bad instruction `q++)'
kprintf.c:251: Error: bad instruction `pchar(*q)'
kprintf.c:252: Error: junk at end of line, first unrecognized character is `}'
kprintf.c:253: Error: bad instruction `break'
kprintf.c:254: Error: bad instruction `case 100:'
kprintf.c:255: Error: bad instruction `case 105:'
kprintf.c:258: Error: bad instruction `goto handle_sign'
kprintf.c:259: Error: bad instruction `case 104:'
kprintf.c:260: Error: bad instruction `if (hflag){'
kprintf.c:263: Error: junk at end of line, first unrecognized character is `}'
kprintf.c:265: Error: bad instruction `goto reswitch'
kprintf.c:266: Error: bad instruction `case 106:'
kprintf.c:268: Error: bad instruction `goto reswitch'
kprintf.c:269: Error: bad instruction `case 108:'
kprintf.c:270: Error: bad instruction `if (lflag){'
kprintf.c:273: Error: junk at end of line, first unrecognized character is `}'
kprintf.c:275: Error: bad instruction `goto reswitch'
kprintf.c:276: Error: bad instruction `case 110:'
kprintf.c:277: Error: bad instruction `if (jflag)'
kprintf.c:278: Error: junk at end of line, first unrecognized character is `*'
kprintf.c:279: Error: bad instruction `else if(qflag)'
kprintf.c:280: Error: junk at end of line, first unrecognized character is `*'
kprintf.c:281: Error: bad instruction `else if(lflag)'
kprintf.c:282: Error: junk at end of line, first unrecognized character is `*'
kprintf.c:283: Error: bad instruction `else if(zflag)'
kprintf.c:284: Error: junk at end of line, first unrecognized character is `*'
kprintf.c:285: Error: bad instruction `else if(hflag)'
kprintf.c:286: Error: junk at end of line, first unrecognized character is `*'
kprintf.c:287: Error: bad instruction `else if(cflag)'
kprintf.c:288: Error: junk at end of line, first unrecognized character is `*'
kprintf.c:289: Error: bad instruction `else'
kprintf.c:290: Error: junk at end of line, first unrecognized character is `*'
kprintf.c:291: Error: bad instruction `break'
kprintf.c:292: Error: bad instruction `case 111:'
kprintf.c:294: Error: bad instruction `goto handle_nosign'
kprintf.c:295: Error: bad instruction `case 112:'
kprintf.c:299: Error: junk at end of line, first unrecognized character is `v'
kprintf.c:300: Error: bad instruction `goto number'
kprintf.c:301: Error: bad instruction `case 113:'
kprintf.c:303: Error: bad instruction `goto reswitch'
kprintf.c:304: Error: bad instruction `case 114:'
kprintf.c:306: Error: bad instruction `if (sign)'
kprintf.c:307: Error: bad instruction `goto handle_sign'
kprintf.c:308: Error: bad instruction `goto handle_nosign'
kprintf.c:309: Error: bad instruction `case 115:'
kprintf.c:310: Error: junk at end of line, first unrecognized character is `('
kprintf.c:311: Error: bad instruction `if (p==NULL)'
kprintf.c:313: Error: bad instruction `if (!dot)'
kprintf.c:314: Error: junk at end of line, first unrecognized character is `('
kprintf.c:315: Error: bad instruction `else'
kprintf.c:316: Error: bad instruction `for (n=0'
kprintf.c:316: Error: bad instruction `n <dwidth&&p[n]'
kprintf.c:316: Error: bad instruction `n++)'
kprintf.c:317: Error: bad instruction `continue'
kprintf.c:319: Error: bad instruction `width -=n'
kprintf.c:321: Error: bad instruction `if (!ladjust&&width>0)'
kprintf.c:322: Error: bad instruction `while (width--)'
kprintf.c:323: Error: bad instruction `pchar(padc)'
kprintf.c:324: Error: bad instruction `while (n--)'
kprintf.c:325: Error: bad instruction `pchar(*p++)'
kprintf.c:326: Error: bad instruction `if (ladjust&&width>0)'
kprintf.c:327: Error: bad instruction `while (width--)'
kprintf.c:328: Error: bad instruction `pchar(padc)'
kprintf.c:329: Error: bad instruction `break'
kprintf.c:330: Error: bad instruction `case 116:'
kprintf.c:332: Error: bad instruction `goto reswitch'
kprintf.c:333: Error: bad instruction `case 117:'
kprintf.c:335: Error: bad instruction `goto handle_nosign'
kprintf.c:336: Error: bad instruction `case 88:'
kprintf.c:338: Error: bad instruction `case 120:'
kprintf.c:340: Error: bad instruction `goto handle_nosign'
kprintf.c:341: Error: bad instruction `case 121:'
kprintf.c:344: Error: bad instruction `goto handle_sign'
kprintf.c:345: Error: bad instruction `case 122:'
kprintf.c:347: Error: bad instruction `goto reswitch'
kprintf.c:350: Error: bad instruction `if (jflag)'
kprintf.c:351: Error: junk at end of line, first unrecognized character is `('
kprintf.c:352: Error: bad instruction `else if(qflag)'
kprintf.c:353: Error: junk at end of line, first unrecognized character is `('
kprintf.c:354: Error: bad instruction `else if(tflag)'
kprintf.c:355: Error: junk at end of line, first unrecognized character is `('
kprintf.c:356: Error: bad instruction `else if(lflag)'
kprintf.c:357: Error: junk at end of line, first unrecognized character is `('
kprintf.c:358: Error: bad instruction `else if(zflag)'
kprintf.c:359: Error: junk at end of line, first unrecognized character is `('
kprintf.c:360: Error: bad instruction `else if(hflag)'
kprintf.c:361: Error: junk at end of line, first unrecognized character is `v'
kprintf.c:362: Error: bad instruction `else if(cflag)'
kprintf.c:363: Error: junk at end of line, first unrecognized character is `v'
kprintf.c:364: Error: bad instruction `else'
kprintf.c:365: Error: junk at end of line, first unrecognized character is `('
kprintf.c:366: Error: bad instruction `goto number'
kprintf.c:368: Error: bad instruction `if (jflag)'
kprintf.c:369: Error: junk at end of line, first unrecognized character is `('
kprintf.c:370: Error: bad instruction `else if(qflag)'
kprintf.c:371: Error: junk at end of line, first unrecognized character is `('
kprintf.c:372: Error: bad instruction `else if(tflag)'
kprintf.c:373: Error: junk at end of line, first unrecognized character is `('
kprintf.c:374: Error: bad instruction `else if(lflag)'
kprintf.c:375: Error: junk at end of line, first unrecognized character is `('
kprintf.c:376: Error: bad instruction `else if(zflag)'
kprintf.c:377: Error: junk at end of line, first unrecognized character is `('
kprintf.c:378: Error: bad instruction `else if(hflag)'
kprintf.c:379: Error: junk at end of line, first unrecognized character is `v'
kprintf.c:380: Error: bad instruction `else if(cflag)'
kprintf.c:381: Error: junk at end of line, first unrecognized character is `v'
kprintf.c:382: Error: bad instruction `else'
kprintf.c:383: Error: junk at end of line, first unrecognized character is `('
kprintf.c:385: Error: bad instruction `if (sign&&(intmax_t)num<0){'
kprintf.c:387: Error: junk at end of line, first unrecognized character is `n'
kprintf.c:388: Error: junk at end of line, first unrecognized character is `}'
kprintf.c:389: Error: junk at end of line, first unrecognized character is `('
kprintf.c:390: Error: bad instruction `if (sharpflag&&num!=0){'
kprintf.c:391: Error: bad instruction `if (base==8)'
kprintf.c:392: Error: bad instruction `tmp++'
kprintf.c:393: Error: bad instruction `else if(base==16)'
kprintf.c:394: Error: bad instruction `tmp +=2'
kprintf.c:395: Error: junk at end of line, first unrecognized character is `}'
kprintf.c:396: Error: bad instruction `if (neg)'
kprintf.c:397: Error: bad instruction `tmp++'
kprintf.c:399: Error: bad instruction `if (!ladjust&&padc!=48&&width'
kprintf.c:400: Error: junk at end of line, first unrecognized character is `&'
kprintf.c:401: Error: bad instruction `while (width--)'
kprintf.c:402: Error: bad instruction `pchar(padc)'
kprintf.c:403: Error: bad instruction `if (neg)'
kprintf.c:404: Error: bad instruction `pchar(45)'
kprintf.c:405: Error: bad instruction `if (sharpflag&&num!=0){'
kprintf.c:406: Error: bad instruction `if (base==8){'
kprintf.c:407: Error: bad instruction `pchar(48)'
kprintf.c:408: Error: junk at end of line, first unrecognized character is `}'
kprintf.c:409: Error: bad instruction `pchar(48)'
kprintf.c:410: Error: bad instruction `pchar(120)'
kprintf.c:411: Error: junk at end of line, first unrecognized character is `}'
kprintf.c:412: Error: junk at end of line, first unrecognized character is `}'
kprintf.c:413: Error: bad instruction `if (!ladjust&&width&&(width-=tmp)>0)'
kprintf.c:414: Error: bad instruction `while (width--)'
kprintf.c:415: Error: bad instruction `pchar(padc)'
kprintf.c:417: Error: bad instruction `while (*p)'
kprintf.c:418: Error: bad instruction `pchar(*p--)'
kprintf.c:420: Error: bad instruction `if (ladjust&&width&&(width-=tmp)>0)'
kprintf.c:421: Error: bad instruction `while (width--)'
kprintf.c:422: Error: bad instruction `pchar(padc)'
kprintf.c:424: Error: bad instruction `break'
kprintf.c:426: Error: bad instruction `while (percent<fmt)'
kprintf.c:427: Error: bad instruction `pchar(*percent++)'
kprintf.c:435: Error: bad instruction `break'
kprintf.c:436: Error: junk at end of line, first unrecognized character is `}'
kprintf.c:437: Error: junk at end of line, first unrecognized character is `}'
kprintf.c:439: Error: junk at end of line, first unrecognized character is `}'
kprintf.c:441: Error: bad instruction `extern void kputchar(int c,void*arg)'
kprintf.c:443: Error: bad instruction `void'
kprintf.c:444: Error: bad instruction `kprintf(const char*fmt,...){'
kprintf.c:446: Error: bad instruction `va_list ap'
kprintf.c:447: Error: bad instruction `va_start(ap, fmt)'
kprintf.c:448: Error: bad instruction `kvprintf(fmt, kputchar,NULL,10,ap)'
kprintf.c:449: Error: bad instruction `va_end(ap)'
kprintf.c:450: Error: junk at end of line, first unrecognized character is `}'
kprintf.c: Error: invalid operand (*UND* section) for `-' when setting `num'
make: *** [kprintf.o] Error 1
"make all" terminated with exit code 2. Build might be incomplete.
09:26:41 **** Incremental Build of configuration Default for project arm.boot ****
make all 
arm-none-eabi-gcc -c -mcpu=arm926ej-s -g  kprintf.c -o kprintf.o
arm-none-eabi-ld -T test.ld  test.o startup.o kprintf.o -o test.elf
kprintf.o: In function `ksprintn':
/homex/ogruber/UJF/MesCours/M2M/2021/Step0/workspace/arm.boot//kprintf.c:94: undefined reference to `__aeabi_uidivmod'
Makefile:17: recipe for target 'all' failed
/homex/ogruber/UJF/MesCours/M2M/2021/Step0/workspace/arm.boot//kprintf.c:96: undefined reference to `__aeabi_uidiv'
make: *** [all] Error 1
"make all" terminated with exit code 2. Build might be incomplete.
09:52:10 **** Incremental Build of configuration Default for project arm.boot ****
make all 
arm-none-eabi-gcc -c -mcpu=arm926ej-s -g -fno-builtin  -msoft-float kprintf.c -o kprintf.o
arm-none-eabi-ld -T test.ld  test.o startup.o kprintf.o -o test.elf
arm-none-eabi-objcopy -O binary test.elf test.bin
09:53:22 **** Incremental Build of configuration Default for project arm.boot ****
make all 
arm-none-eabi-ld -T test.ld -L test.o startup.o kprintf.o -o test.elf
startup.o: In function `.clear':
/home/ogruber/MesCours/M2M/2021/Step0/workspace/arm.boot/startup.s:51: undefined reference to `c_entry'
Makefile:17: recipe for target 'all' failed
kprintf.o: In function `kprintf':
/homex/ogruber/UJF/MesCours/M2M/2021/Step0/workspace/arm.boot//kprintf.c:465: undefined reference to `kputchar'
make: *** [all] Error 1
"make all" terminated with exit code 2. Build might be incomplete.
09:53:50 **** Clean-only build of configuration Default for project arm.boot ****
make clean 
rm -f startup.o test.o test.elf
09:53:52 **** Build of configuration Default for project arm.boot ****
make all 
arm-none-eabi-as -mcpu=arm926ej-s -g  startup.s -o startup.o
arm-none-eabi-gcc -c -mcpu=arm926ej-s -g -fno-builtin  test.c -o test.o
arm-none-eabi-ld -T test.ld -L test.o startup.o kprintf.o -o test.elf
startup.o: In function `.clear':
/homex/ogruber/UJF/MesCours/M2M/2021/Step0/workspace/arm.boot//startup.s:51: undefined reference to `c_entry'
kprintf.o: In function `kprintf':
/homex/ogruber/UJF/MesCours/M2M/2021/Step0/workspace/arm.boot//kprintf.c:465: undefined reference to `kputchar'
Makefile:17: recipe for target 'all' failed
make: *** [all] Error 1
"make all" terminated with exit code 2. Build might be incomplete.
09:55:27 **** Incremental Build of configuration Default for project arm.boot ****
make all 
arm-none-eabi-gcc -c -mcpu=arm926ej-s -g -fno-builtin  kprintf.c -o kprintf.o
arm-none-eabi-ld -T test.ld -L test.o startup.o kprintf.o -o test.elf
startup.o: In function `.clear':
/homex/ogruber/UJF/MesCours/M2M/2021/Step0/workspace/arm.boot//startup.s:51: undefined reference to `c_entry'
kprintf.o: In function `kprintf':
/homex/ogruber/UJF/MesCours/M2M/2021/Step0/workspace/arm.boot//kprintf.c:490: undefined reference to `kputchar'
make: *** [all] Error 1
Makefile:17: recipe for target 'all' failed
"make all" terminated with exit code 2. Build might be incomplete.
09:57:01 **** Incremental Build of configuration Default for project arm.boot ****
make all 
arm-none-eabi-gcc -c -mcpu=arm926ej-s -g -fno-builtin  test.c -o test.o
arm-none-eabi-ld -T test.ld -L test.o startup.o kprintf.o -o test.elf
startup.o: In function `.clear':
/home/ogruber/MesCours/M2M/2021/Step0/workspace/arm.boot/startup.s:51: undefined reference to `c_entry'
kprintf.o: In function `kprintf':
Makefile:17: recipe for target 'all' failed
/homex/ogruber/UJF/MesCours/M2M/2021/Step0/workspace/arm.boot//kprintf.c:490: undefined reference to `kputchar'
make: *** [all] Error 1
"make all" terminated with exit code 2. Build might be incomplete.
09:57:32 **** Incremental Build of configuration Default for project arm.boot ****
make all 
arm-none-eabi-gcc -c -mcpu=arm926ej-s -g -fno-builtin  test.c -o test.o
arm-none-eabi-ld -T test.ld -L test.o startup.o -o test.elf
startup.o: In function `.clear':
/home/ogruber/MesCours/M2M/2021/Step0/workspace/arm.boot/startup.s:51: undefined reference to `c_entry'
Makefile:17: recipe for target 'all' failed
make: *** [all] Error 1
"make all" terminated with exit code 2. Build might be incomplete.
09:59:06 **** Incremental Build of configuration Default for project arm.boot ****
make all 
arm-none-eabi-gcc -c -mcpu=arm926ej-s -g -fno-builtin  test.c -o test.o
arm-none-eabi-ld -T test.ld  test.o startup.o kprintf.o -o test.elf
arm-none-eabi-objcopy -O binary test.elf test.bin
